[     487ms] TypeError: Cannot read properties of undefined (reading 'metadata')
    at getCurrentWindow (http://localhost:1420/node_modules/.vite/deps/@tauri-apps_api_window.js?v=cc0ac640:379:48)
    at http://localhost:1420/src/lib/components/FileDropZone.svelte:25:21
    at untrack (http://localhost:1420/node_modules/.vite/deps/chunk-LEBA4TK5.js?v=cc0ac640:4385:12)
    at $effect (http://localhost:1420/node_modules/.vite/deps/chunk-HQMG5B7Y.js?v=cc0ac640:4248:23)
    at update_reaction (http://localhost:1420/node_modules/.vite/deps/chunk-LEBA4TK5.js?v=cc0ac640:4073:18)
    at update_effect (http://localhost:1420/node_modules/.vite/deps/chunk-LEBA4TK5.js?v=cc0ac640:4214:21)
    at flush_queued_effects (http://localhost:1420/node_modules/.vite/deps/chunk-LEBA4TK5.js?v=cc0ac640:3194:7)
    at _Batch.process_fn (http://localhost:1420/node_modules/.vite/deps/chunk-LEBA4TK5.js?v=cc0ac640:2968:5)
    at _Batch.flush (http://localhost:1420/node_modules/.vite/deps/chunk-LEBA4TK5.js?v=cc0ac640:2691:59)
    at Array.<anonymous> (http://localhost:1420/node_modules/.vite/deps/chunk-LEBA4TK5.js?v=cc0ac640:2806:19)
[  328021ms] TypeError: Cannot read properties of undefined (reading 'metadata')
    at getCurrentWindow (http://localhost:1420/node_modules/.vite/deps/@tauri-apps_api_window.js?v=cc0ac640:379:48)
    at http://localhost:1420/src/lib/components/FileDropZone.svelte:25:21
    at untrack (http://localhost:1420/node_modules/.vite/deps/chunk-LEBA4TK5.js?v=cc0ac640:4385:12)
    at $effect (http://localhost:1420/node_modules/.vite/deps/chunk-HQMG5B7Y.js?v=cc0ac640:4248:23)
    at update_reaction (http://localhost:1420/node_modules/.vite/deps/chunk-LEBA4TK5.js?v=cc0ac640:4073:18)
    at update_effect (http://localhost:1420/node_modules/.vite/deps/chunk-LEBA4TK5.js?v=cc0ac640:4214:21)
    at flush_queued_effects (http://localhost:1420/node_modules/.vite/deps/chunk-LEBA4TK5.js?v=cc0ac640:3194:7)
    at _Batch.process_fn (http://localhost:1420/node_modules/.vite/deps/chunk-LEBA4TK5.js?v=cc0ac640:2968:5)
    at _Batch.flush (http://localhost:1420/node_modules/.vite/deps/chunk-LEBA4TK5.js?v=cc0ac640:2691:59)
    at Array.<anonymous> (http://localhost:1420/node_modules/.vite/deps/chunk-LEBA4TK5.js?v=cc0ac640:2806:19)
[  472915ms] TypeError: Cannot read properties of undefined (reading 'metadata')
    at getCurrentWindow (http://localhost:1420/node_modules/.vite/deps/@tauri-apps_api_window.js?v=cc0ac640:379:48)
    at http://localhost:1420/src/lib/components/FileDropZone.svelte:25:21
    at untrack (http://localhost:1420/node_modules/.vite/deps/chunk-LEBA4TK5.js?v=cc0ac640:4385:12)
    at $effect (http://localhost:1420/node_modules/.vite/deps/chunk-HQMG5B7Y.js?v=cc0ac640:4248:23)
    at update_reaction (http://localhost:1420/node_modules/.vite/deps/chunk-LEBA4TK5.js?v=cc0ac640:4073:18)
    at update_effect (http://localhost:1420/node_modules/.vite/deps/chunk-LEBA4TK5.js?v=cc0ac640:4214:21)
    at flush_queued_effects (http://localhost:1420/node_modules/.vite/deps/chunk-LEBA4TK5.js?v=cc0ac640:3194:7)
    at _Batch.process_fn (http://localhost:1420/node_modules/.vite/deps/chunk-LEBA4TK5.js?v=cc0ac640:2968:5)
    at _Batch.flush (http://localhost:1420/node_modules/.vite/deps/chunk-LEBA4TK5.js?v=cc0ac640:2691:59)
    at Array.<anonymous> (http://localhost:1420/node_modules/.vite/deps/chunk-LEBA4TK5.js?v=cc0ac640:2806:19)
